<?xml version="1.0" encoding="UTF-8"?>
<!-- Generated by org.testng.reporters.JUnitReportReporter -->
<testsuite skipped="0" hostname="ITSTPER" name="ValidSignIn" tests="1" failures="0" timestamp="2022-09-24T13:42:07 EET" time="23.732" errors="0">
  <testcase name="verifyLoginIn" time="23.732" classname="ValidSignIn"/>
  <system-out/>
</testsuite> <!-- ValidSignIn -->
